<?xml version="1.0" encoding="UTF-8"?>
<testng-results skipped="0" failed="0" total="1" passed="1">
  <reporter-output>
  </reporter-output>
  <suite name="Suite" duration-ms="104893" started-at="2018-01-31T05:26:10Z" finished-at="2018-01-31T05:27:55Z">
    <groups>
    </groups>
    <test name="Test" duration-ms="104893" started-at="2018-01-31T05:26:10Z" finished-at="2018-01-31T05:27:55Z">
      <class name="com.scripts.sample1">
        <test-method status="PASS" signature="setup()[pri:0, instance:com.scripts.sample1@5ec0a365]" name="setup" is-config="true" duration-ms="42983" started-at="2018-01-31T10:56:10Z" finished-at="2018-01-31T10:56:53Z">
          <reporter-output>
          </reporter-output>
        </test-method> <!-- setup -->
        <test-method status="PASS" signature="verifysample()[pri:0, instance:com.scripts.sample1@5ec0a365]" name="verifysample" duration-ms="57507" started-at="2018-01-31T10:56:53Z" finished-at="2018-01-31T10:57:50Z">
          <reporter-output>
          </reporter-output>
        </test-method> <!-- verifysample -->
        <test-method status="PASS" signature="teardown()[pri:0, instance:com.scripts.sample1@5ec0a365]" name="teardown" is-config="true" duration-ms="4371" started-at="2018-01-31T10:57:50Z" finished-at="2018-01-31T10:57:55Z">
          <reporter-output>
          </reporter-output>
        </test-method> <!-- teardown -->
      </class> <!-- com.scripts.sample1 -->
    </test> <!-- Test -->
  </suite> <!-- Suite -->
</testng-results>
