<?xml version="1.0" encoding="UTF-8"?>
<testng-results skipped="0" failed="0" total="1" passed="1">
  <reporter-output>
  </reporter-output>
  <suite name="Suite" duration-ms="832" started-at="2018-02-01T03:18:37Z" finished-at="2018-02-01T03:18:38Z">
    <groups>
    </groups>
    <test name="Test" duration-ms="832" started-at="2018-02-01T03:18:37Z" finished-at="2018-02-01T03:18:38Z">
      <class name="com.scripts.sample2">
        <test-method status="PASS" signature="sample2()[pri:0, instance:com.scripts.sample2@6d7b4f4c]" name="sample2" duration-ms="803" started-at="2018-02-01T08:48:37Z" finished-at="2018-02-01T08:48:38Z">
          <reporter-output>
          </reporter-output>
        </test-method> <!-- sample2 -->
      </class> <!-- com.scripts.sample2 -->
    </test> <!-- Test -->
  </suite> <!-- Suite -->
</testng-results>
